<?xml version='1.0' encoding='UTF-8'?>
<testsuite hostname="Gregorys-MacBook-Pro.local" name="game.ImmutableGameSpec" tests="1" errors="0" failures="0" skipped="0" time="0.056" timestamp="2026-02-11T22:33:04">
          <properties>
[...]
</properties>
          <testcase classname="game.ImmutableGameSpec" name="Immutable Game should update the state on action" time="0.056">
                      
                    </testcase>
          <system-out><![CDATA[]]></system-out>
          <system-err><![CDATA[]]></system-err>
        </testsuite>